<?xml version="1.0" encoding="UTF-8"?>
<!-- Generated by org.testng.reporters.JUnitReportReporter -->
<testsuite hostname="DESKTOP-16QKT9V" failures="0" tests="1"
	name="tests.Login" time="22.293" errors="0"
	timestamp="14 Sep 2020 02:49:16 GMT">
	<testcase classname="tests.Login"
		name="LoginWithCorrectCredentials" time="22.293" />
</testsuite> <!-- tests.Login -->
