<?xml version="1.0" encoding="UTF-8"?>
<!-- Generated by org.testng.reporters.JUnitReportReporter -->
<testsuite hostname="DESKTOP-16QKT9V" failures="0" tests="1" name="tests.Files" time="42.519" errors="0" timestamp="14 Sep 2020 08:34:41 GMT">
  <testcase classname="tests.Files" name="PagesOperations" time="42.519"/>
</testsuite> <!-- tests.Files -->
