<?xml version="1.0" encoding="UTF-8"?>
<!-- Generated by org.testng.reporters.JUnitReportReporter -->
<testsuite hostname="DESKTOP-16QKT9V" failures="0" tests="1"
	name="tests.Settings" time="18.680" errors="0"
	timestamp="14 Sep 2020 02:49:16 GMT">
	<testcase classname="tests.Settings" name="ChangeProvider"
		time="18.680" />
</testsuite> <!-- tests.Settings -->
